commit 480f711fb36ca2fc3ee486ececde9f3a73a4634c
Author: Alan <alan@dev.com>
Date:   Thu Dec 28 15:50:35 2023 +0530

    div added

diff --git a/test.html b/test.html
index 513e8a5..b5f9c47 100644
--- a/test.html
+++ b/test.html
@@ -10,5 +10,6 @@
     
 
     <h1>Test Git 1</h1>
+    <div>Section</div>
 </body>
 </html>
\ No newline at end of file

commit 0f62b7054b762e82af461dc5879e27c6dddfecd3
Author: Alan <alan@dev.com>
Date:   Thu Dec 28 15:30:12 2023 +0530

    new change in heading tag

diff --git a/test.html b/test.html
index 74635b9..513e8a5 100644
--- a/test.html
+++ b/test.html
@@ -9,6 +9,6 @@
 <body>
     
 
-    <h1>Test Git</h1>
+    <h1>Test Git 1</h1>
 </body>
 </html>
\ No newline at end of file

commit 42bfb40fa553008c7df93ab1eed457b92de271a9
Author: Alan <alan@dev.com>
Date:   Thu Dec 28 15:14:46 2023 +0530

    First commit with test html file

diff --git a/test.html b/test.html
new file mode 100644
index 0000000..74635b9
--- /dev/null
+++ b/test.html
@@ -0,0 +1,14 @@
+<!DOCTYPE html>
+<html lang="en">
+<head>
+    <meta charset="UTF-8">
+    <meta http-equiv="X-UA-Compatible" content="IE=edge">
+    <meta name="viewport" content="width=device-width, initial-scale=1.0">
+    <title>Git</title>
+</head>
+<body>
+    
+
+    <h1>Test Git</h1>
+</body>
+</html>
\ No newline at end of file
